[2021-10-07 12:58:57.684] [exthost] [info] extension host started
[2021-10-07 12:58:57.704] [exthost] [info] Lock '/home/webalive/.vscode-server/data/User/workspaceStorage/665c1a26ae1857a3f9edab11f0c451ee/vscode.lock': Lock acquired.
[2021-10-07 12:58:57.833] [exthost] [info] ExtensionService#_doActivateExtension vscode.emmet {"startup":false,"extensionId":{"value":"vscode.emmet","_lower":"vscode.emmet"},"activationEvent":"onLanguage:html"}
[2021-10-07 12:58:57.833] [exthost] [info] ExtensionService#loadCommonJSModule file:///home/webalive/.vscode-server/bin/7f6ab5485bbc008386c4386d08766667e155244e/extensions/emmet/dist/node/emmetNodeMain
[2021-10-07 12:58:57.864] [exthost] [info] ExtensionService#_doActivateExtension vscode.html-language-features {"startup":false,"extensionId":{"value":"vscode.html-language-features","_lower":"vscode.html-language-features"},"activationEvent":"onLanguage:html"}
[2021-10-07 12:58:57.864] [exthost] [info] ExtensionService#loadCommonJSModule file:///home/webalive/.vscode-server/bin/7f6ab5485bbc008386c4386d08766667e155244e/extensions/html-language-features/client/dist/node/htmlClientMain
[2021-10-07 12:58:57.988] [exthost] [info] ExtensionService#_doActivateExtension vscode.debug-auto-launch {"startup":true,"extensionId":{"value":"vscode.debug-auto-launch","_lower":"vscode.debug-auto-launch"},"activationEvent":"*"}
[2021-10-07 12:58:57.988] [exthost] [info] ExtensionService#loadCommonJSModule file:///home/webalive/.vscode-server/bin/7f6ab5485bbc008386c4386d08766667e155244e/extensions/debug-auto-launch/dist/extension
[2021-10-07 12:58:57.995] [exthost] [info] ExtensionService#_doActivateExtension vscode.git {"startup":true,"extensionId":{"value":"vscode.github","_lower":"vscode.github"},"activationEvent":"*"}
[2021-10-07 12:58:57.995] [exthost] [info] ExtensionService#loadCommonJSModule file:///home/webalive/.vscode-server/bin/7f6ab5485bbc008386c4386d08766667e155244e/extensions/git/dist/main
[2021-10-07 12:58:58.677] [exthost] [info] ExtensionService#_doActivateExtension vscode.github {"startup":true,"extensionId":{"value":"vscode.github","_lower":"vscode.github"},"activationEvent":"*"}
[2021-10-07 12:58:58.677] [exthost] [info] ExtensionService#loadCommonJSModule file:///home/webalive/.vscode-server/bin/7f6ab5485bbc008386c4386d08766667e155244e/extensions/github/dist/extension.js
[2021-10-07 12:58:59.096] [exthost] [warning] [Decorations] CAPPING events from decorations provider vscode.git 5000
[2021-10-07 12:59:01.506] [exthost] [info] ExtensionService#_doActivateExtension vscode.merge-conflict {"startup":false,"extensionId":{"value":"vscode.merge-conflict","_lower":"vscode.merge-conflict"},"activationEvent":"onStartupFinished"}
[2021-10-07 12:59:01.506] [exthost] [info] ExtensionService#loadCommonJSModule file:///home/webalive/.vscode-server/bin/7f6ab5485bbc008386c4386d08766667e155244e/extensions/merge-conflict/dist/mergeConflictMain
[2021-10-07 12:59:01.513] [exthost] [info] eager extensions activated
[2021-10-07 12:59:02.134] [exthost] [info] ExtensionService#_doActivateExtension ms-vscode.js-debug {"startup":false,"extensionId":{"value":"ms-vscode.js-debug","_lower":"ms-vscode.js-debug"},"activationEvent":"onCommand:extension.js-debug.clearAutoAttachVariables"}
[2021-10-07 12:59:02.134] [exthost] [info] ExtensionService#loadCommonJSModule file:///home/webalive/.vscode-server/bin/7f6ab5485bbc008386c4386d08766667e155244e/extensions/ms-vscode.js-debug/src/extension.js
[2021-10-07 13:09:33.583] [exthost] [info] ExtensionService#_doActivateExtension ms-python.python {"startup":false,"extensionId":{"value":"ms-python.vscode-pylance","_lower":"ms-python.vscode-pylance"},"activationEvent":"onLanguage:python"}
[2021-10-07 13:09:33.583] [exthost] [info] ExtensionService#loadCommonJSModule file:///home/webalive/.vscode-server/extensions/ms-python.python-2021.9.1246542782/out/client/extension
[2021-10-07 13:09:34.050] [exthost] [info] ExtensionService#_doActivateExtension ms-toolsai.jupyter {"startup":false,"extensionId":{"value":"ms-toolsai.jupyter","_lower":"ms-toolsai.jupyter"},"activationEvent":"onLanguage:python"}
[2021-10-07 13:09:34.051] [exthost] [info] ExtensionService#loadCommonJSModule file:///home/webalive/.vscode-server/extensions/ms-toolsai.jupyter-2021.8.2041215044/out/client/extension
[2021-10-07 13:09:35.605] [exthost] [info] ExtensionService#_doActivateExtension ms-python.vscode-pylance {"startup":false,"extensionId":{"value":"ms-python.vscode-pylance","_lower":"ms-python.vscode-pylance"},"activationEvent":"onLanguage:python"}
[2021-10-07 13:09:35.605] [exthost] [info] ExtensionService#loadCommonJSModule file:///home/webalive/.vscode-server/extensions/ms-python.vscode-pylance-2021.9.4/dist/extension.bundle.js
[2021-10-07 13:09:41.194] [exthost] [error] [ms-python.python] provider FAILED
[2021-10-07 13:09:41.194] [exthost] [error] Canceled: Canceled
	at _.makeCancelError (/home/webalive/.vscode-server/extensions/ms-python.python-2021.9.1246542782/out/client/extension.js:9:152754)
	at _.handleFailedRequest (/home/webalive/.vscode-server/extensions/ms-python.python-2021.9.1246542782/out/client/extension.js:9:152605)
	at /home/webalive/.vscode-server/extensions/ms-python.python-2021.9.1246542782/out/client/extension.js:9:120466
	at async S.provideCodeActions (/home/webalive/.vscode-server/bin/7f6ab5485bbc008386c4386d08766667e155244e/out/vs/server/remoteExtensionHostProcess.js:94:168622)
[2021-10-07 13:12:00.508] [exthost] [error] [ms-python.python] provider FAILED
[2021-10-07 13:12:00.508] [exthost] [error] Canceled: Canceled
	at _.makeCancelError (/home/webalive/.vscode-server/extensions/ms-python.python-2021.9.1246542782/out/client/extension.js:9:152754)
	at _.handleFailedRequest (/home/webalive/.vscode-server/extensions/ms-python.python-2021.9.1246542782/out/client/extension.js:9:152605)
	at /home/webalive/.vscode-server/extensions/ms-python.python-2021.9.1246542782/out/client/extension.js:9:112947
	at async g.provideHover (/home/webalive/.vscode-server/bin/7f6ab5485bbc008386c4386d08766667e155244e/out/vs/server/remoteExtensionHostProcess.js:94:166317)
[2021-10-07 13:12:00.657] [exthost] [error] [ms-python.python] provider FAILED
[2021-10-07 13:12:00.657] [exthost] [error] Canceled: Canceled
	at _.makeCancelError (/home/webalive/.vscode-server/extensions/ms-python.python-2021.9.1246542782/out/client/extension.js:9:152754)
	at _.handleFailedRequest (/home/webalive/.vscode-server/extensions/ms-python.python-2021.9.1246542782/out/client/extension.js:9:152605)
	at /home/webalive/.vscode-server/extensions/ms-python.python-2021.9.1246542782/out/client/extension.js:9:112947
	at async g.provideHover (/home/webalive/.vscode-server/bin/7f6ab5485bbc008386c4386d08766667e155244e/out/vs/server/remoteExtensionHostProcess.js:94:166317)
[2021-10-07 17:01:27.059] [exthost] [info] extension host terminating: renderer disconnected for too long (1)
[2021-10-07 17:01:27.060] [exthost] [info] Lock '/home/webalive/.vscode-server/data/User/workspaceStorage/665c1a26ae1857a3f9edab11f0c451ee/vscode.lock': Marking the lockfile as scheduled to be released in 6000 ms.
[2021-10-07 17:01:28.101] [exthost] [info] exiting with code 0
