Validating found git in: git
Using git 2.25.1 from git
> git rev-parse --git-dir
Open repository: /home/webalive
> git status -z -u
> git symbolic-ref --short HEAD
> git for-each-ref --format=%(refname)%00%(upstream:short)%00%(objectname)%00%(upstream:track) refs/heads/main refs/remotes/main
> git for-each-ref --sort -committerdate --format %(refname) %(objectname) %(*objectname)
> git remote --verbose
> git config --get commit.template
> git check-ignore -v -z --stdin
> git status -z -u
> git symbolic-ref --short HEAD
> git for-each-ref --format=%(refname)%00%(upstream:short)%00%(objectname)%00%(upstream:track) refs/heads/main refs/remotes/main
> git for-each-ref --sort -committerdate --format %(refname) %(objectname) %(*objectname)
> git remote --verbose
> git config --get commit.template
> git show --textconv :myproject/template/base.html
> git ls-files --stage -- /home/webalive/myproject/template/base.html
> git cat-file -s db83f293df3ebc2047b9b2b38597ae232f222f15
> git show --textconv :myproject/template/chat.html
> git ls-files --stage -- /home/webalive/myproject/template/chat.html
> git check-ignore -v -z --stdin
> git show --textconv :myproject/template/base.html
> git ls-files --stage -- /home/webalive/myproject/template/base.html
> git cat-file -s db83f293df3ebc2047b9b2b38597ae232f222f15
> git show --textconv :myproject/template/chat.html
> git ls-files --stage -- /home/webalive/myproject/template/chat.html
> git show --textconv :myproject/template/base.html
> git ls-files --stage -- /home/webalive/myproject/template/base.html
> git cat-file -s db83f293df3ebc2047b9b2b38597ae232f222f15
> git show --textconv :myproject/template/chat.html
> git ls-files --stage -- /home/webalive/myproject/template/chat.html
> git show --textconv :myproject/template/base.html
> git ls-files --stage -- /home/webalive/myproject/template/base.html
> git cat-file -s db83f293df3ebc2047b9b2b38597ae232f222f15
> git show --textconv :myproject/template/equipe.html
> git ls-files --stage -- /home/webalive/myproject/template/equipe.html
> git show --textconv :myproject/template/base.html
> git ls-files --stage -- /home/webalive/myproject/template/base.html
> git cat-file -s db83f293df3ebc2047b9b2b38597ae232f222f15
> git show --textconv :myproject/template/chat.html
> git ls-files --stage -- /home/webalive/myproject/template/chat.html
> git show --textconv :myproject/template/equipe.html
> git ls-files --stage -- /home/webalive/myproject/template/equipe.html
> git show --textconv :myproject/template/base.html
> git ls-files --stage -- /home/webalive/myproject/template/base.html
> git cat-file -s db83f293df3ebc2047b9b2b38597ae232f222f15
> git show --textconv :myproject/template/equipe.html
> git ls-files --stage -- /home/webalive/myproject/template/equipe.html
> git show --textconv :myproject/template/body.html
> git ls-files --stage -- /home/webalive/myproject/template/body.html
> git check-ignore -v -z --stdin
> git show --textconv :myproject/template/chat.html
> git ls-files --stage -- /home/webalive/myproject/template/chat.html
> git show --textconv :myproject/template/body.html
> git ls-files --stage -- /home/webalive/myproject/template/body.html
> git show --textconv :myproject/template/chat.html
> git ls-files --stage -- /home/webalive/myproject/template/chat.html
> git show --textconv :myproject/template/body.html
> git ls-files --stage -- /home/webalive/myproject/template/body.html
> git show --textconv :myproject/template/base.html
> git ls-files --stage -- /home/webalive/myproject/template/base.html
> git cat-file -s db83f293df3ebc2047b9b2b38597ae232f222f15
> git show --textconv :myproject/template/base.html
> git ls-files --stage -- /home/webalive/myproject/template/base.html
> git cat-file -s db83f293df3ebc2047b9b2b38597ae232f222f15
> git show --textconv :myproject/template/body.html
> git ls-files --stage -- /home/webalive/myproject/template/body.html
> git show --textconv :myproject/template/base.html
> git ls-files --stage -- /home/webalive/myproject/template/base.html
> git cat-file -s db83f293df3ebc2047b9b2b38597ae232f222f15
> git show --textconv :myproject/template/body.html
> git ls-files --stage -- /home/webalive/myproject/template/body.html
> git show --textconv :myproject/template/base.html
> git ls-files --stage -- /home/webalive/myproject/template/base.html
> git cat-file -s db83f293df3ebc2047b9b2b38597ae232f222f15
> git show --textconv :myproject/template/body.html
> git ls-files --stage -- /home/webalive/myproject/template/body.html
> git show --textconv :myproject/template/base.html
> git ls-files --stage -- /home/webalive/myproject/template/base.html
> git cat-file -s db83f293df3ebc2047b9b2b38597ae232f222f15
> git show --textconv :myproject/template/body.html
> git ls-files --stage -- /home/webalive/myproject/template/body.html
> git show --textconv :myproject/template/base.html
> git ls-files --stage -- /home/webalive/myproject/template/base.html
> git cat-file -s db83f293df3ebc2047b9b2b38597ae232f222f15
> git show --textconv :myproject/template/base.html
> git ls-files --stage -- /home/webalive/myproject/template/base.html
> git cat-file -s db83f293df3ebc2047b9b2b38597ae232f222f15
> git check-ignore -v -z --stdin
> git check-ignore -v -z --stdin
> git check-ignore -v -z --stdin
> git check-ignore -v -z --stdin
> git show --textconv :myproject/static/auth/css/styles.css
> git ls-files --stage -- /home/webalive/myproject/static/auth/css/styles.css
> git cat-file -s efc74ad276b8386b347ef53f620d4edfd5a02dad
> git check-ignore -v -z --stdin
> git check-ignore -v -z --stdin
> git check-ignore -v -z --stdin
> git check-ignore -v -z --stdin
> git check-ignore -v -z --stdin
> git check-ignore -v -z --stdin
> git check-ignore -v -z --stdin
> git check-ignore -v -z --stdin
> git check-ignore -v -z --stdin
> git check-ignore -v -z --stdin
> git show --textconv :myproject/static/workhome/vendors/css/vendor.bundle.base.css
> git ls-files --stage -- /home/webalive/myproject/static/workhome/vendors/css/vendor.bundle.base.css
> git cat-file -s b4863922c52d9e26fe7f2e70dee195b5189f6a57
> git log --format=%H%n%aN%n%aE%n%at%n%ct%n%P%n%B -z -n21 -- /home/webalive/myproject/static/workhome/vendors/css/vendor.bundle.base.css
> git check-ignore -v -z --stdin
> git show --textconv :myproject/static/workhome/css/maps/vertical-layout-dark/style.css.map
> git ls-files --stage -- /home/webalive/myproject/static/workhome/css/maps/vertical-layout-dark/style.css.map
> git cat-file -s 728cd2d024a59d1f31285f1b53821d9cda6dded2
> git log --format=%H%n%aN%n%aE%n%at%n%ct%n%P%n%B -z -n21 -- /home/webalive/myproject/static/workhome/css/maps/vertical-layout-dark/style.css.map
> git show --textconv :myproject/static/workhome/css/vertical-layout-light/style.css
> git ls-files --stage -- /home/webalive/myproject/static/workhome/css/vertical-layout-light/style.css
> git cat-file -s 8e4e6198c333bbabcc548aeaa7ce0f8f76f72767
> git show --textconv :myproject/template/base.html
> git ls-files --stage -- /home/webalive/myproject/template/base.html
> git check-ignore -v -z --stdin
> git cat-file -s db83f293df3ebc2047b9b2b38597ae232f222f15
> git show --textconv :myproject/template/equipe.html
> git ls-files --stage -- /home/webalive/myproject/template/equipe.html
> git show --textconv :myproject/template/body.html
> git ls-files --stage -- /home/webalive/myproject/template/body.html
> git show --textconv :myproject/static/workhome/css/vertical-layout-light/style.css
> git ls-files --stage -- /home/webalive/myproject/static/workhome/css/vertical-layout-light/style.css
> git cat-file -s 8e4e6198c333bbabcc548aeaa7ce0f8f76f72767
> git show --textconv :myproject/template/base.html
> git ls-files --stage -- /home/webalive/myproject/template/base.html
> git cat-file -s db83f293df3ebc2047b9b2b38597ae232f222f15
> git show --textconv :myproject/static/workhome/css/vertical-layout-light/style.css
> git ls-files --stage -- /home/webalive/myproject/static/workhome/css/vertical-layout-light/style.css
> git cat-file -s 8e4e6198c333bbabcc548aeaa7ce0f8f76f72767
> git show --textconv :myproject/template/base.html
> git ls-files --stage -- /home/webalive/myproject/template/base.html
> git cat-file -s db83f293df3ebc2047b9b2b38597ae232f222f15
> git show --textconv :myproject/template/equipe.html
> git ls-files --stage -- /home/webalive/myproject/template/equipe.html
> git show --textconv :myproject/template/cadastrarEquipe.html
> git ls-files --stage -- /home/webalive/myproject/template/cadastrarEquipe.html
> git show --textconv :myproject/template/base.html
> git ls-files --stage -- /home/webalive/myproject/template/base.html
> git cat-file -s db83f293df3ebc2047b9b2b38597ae232f222f15
> git show --textconv :myproject/template/equipe.html
> git ls-files --stage -- /home/webalive/myproject/template/equipe.html
> git show --textconv :myproject/template/cadastro_visitante.html
> git ls-files --stage -- /home/webalive/myproject/template/cadastro_visitante.html
> git cat-file -s 7eaecc8315c465531554482473d68fab9be29af6
> git show --textconv :myproject/template/cadastrarEquipe.html
> git ls-files --stage -- /home/webalive/myproject/template/cadastrarEquipe.html
> git show --textconv :myproject/template/newUser.html
> git ls-files --stage -- /home/webalive/myproject/template/newUser.html
> git cat-file -s 7eaecc8315c465531554482473d68fab9be29af6
> git show --textconv :myproject/template/equipe.html
> git ls-files --stage -- /home/webalive/myproject/template/equipe.html
> git check-ignore -v -z --stdin
> git check-ignore -v -z --stdin
> git show --textconv :myproject/chamado/views.py
> git ls-files --stage -- /home/webalive/myproject/chamado/views.py
> git show --textconv :myproject/template/equipe.html
> git ls-files --stage -- /home/webalive/myproject/template/equipe.html
> git show --textconv :myproject/chamado/models.py
> git ls-files --stage -- /home/webalive/myproject/chamado/models.py
> git show --textconv :myproject/template/base.html
> git ls-files --stage -- /home/webalive/myproject/template/base.html
> git cat-file -s db83f293df3ebc2047b9b2b38597ae232f222f15
> git show --textconv :myproject/template/cadastrarEquipe.html
> git ls-files --stage -- /home/webalive/myproject/template/cadastrarEquipe.html
> git show --textconv :myproject/template/equipe.html
> git ls-files --stage -- /home/webalive/myproject/template/equipe.html
> git show --textconv :myproject/template/base.html
> git ls-files --stage -- /home/webalive/myproject/template/base.html
> git cat-file -s db83f293df3ebc2047b9b2b38597ae232f222f15
> git show --textconv :myproject/template/cadastrarEquipe.html
> git ls-files --stage -- /home/webalive/myproject/template/cadastrarEquipe.html
> git show --textconv :myproject/template/equipe.html
> git ls-files --stage -- /home/webalive/myproject/template/equipe.html
> git show --textconv :myproject/chamado/views.py
> git ls-files --stage -- /home/webalive/myproject/chamado/views.py
> git show --textconv :myproject/template/cadastro_visitante.html
> git ls-files --stage -- /home/webalive/myproject/template/cadastro_visitante.html
> git cat-file -s 7eaecc8315c465531554482473d68fab9be29af6
> git show --textconv :myproject/chamado/views.py
> git ls-files --stage -- /home/webalive/myproject/chamado/views.py
> git show --textconv :myproject/template/cadastrarEquipe.html
> git ls-files --stage -- /home/webalive/myproject/template/cadastrarEquipe.html
> git show --textconv :myproject/chamado/views.py
> git ls-files --stage -- /home/webalive/myproject/chamado/views.py
> git show --textconv :myproject/template/newUser.html
> git ls-files --stage -- /home/webalive/myproject/template/newUser.html
> git cat-file -s 7eaecc8315c465531554482473d68fab9be29af6
> git show --textconv :myproject/chamado/views.py
> git ls-files --stage -- /home/webalive/myproject/chamado/views.py
> git show --textconv :myproject/template/body.html
> git ls-files --stage -- /home/webalive/myproject/template/body.html
> git show --textconv :myproject/chamado/views.py
> git ls-files --stage -- /home/webalive/myproject/chamado/views.py
> git show --textconv :myproject/static/workhome/css/vertical-layout-light/style.css
> git ls-files --stage -- /home/webalive/myproject/static/workhome/css/vertical-layout-light/style.css
> git cat-file -s 8e4e6198c333bbabcc548aeaa7ce0f8f76f72767
> git show --textconv :myproject/chamado/views.py
> git ls-files --stage -- /home/webalive/myproject/chamado/views.py
> git show --textconv :myproject/template/base.html
> git ls-files --stage -- /home/webalive/myproject/template/base.html
> git cat-file -s db83f293df3ebc2047b9b2b38597ae232f222f15
> git show --textconv :myproject/chamado/views.py
> git ls-files --stage -- /home/webalive/myproject/chamado/views.py
> git check-ignore -v -z --stdin
> git show --textconv :myproject/auth/views.py
> git ls-files --stage -- /home/webalive/myproject/auth/views.py
> git cat-file -s 0c711af5a405de720e01de896940db80797db32b
> git show --textconv :myproject/chamado/views.py
> git ls-files --stage -- /home/webalive/myproject/chamado/views.py
> git show --textconv :myproject/auth/views.py
> git ls-files --stage -- /home/webalive/myproject/auth/views.py
> git cat-file -s 0c711af5a405de720e01de896940db80797db32b
> git show --textconv :myproject/chamado/views.py
> git ls-files --stage -- /home/webalive/myproject/chamado/views.py
> git show --textconv :myproject/chamado/models.py
> git ls-files --stage -- /home/webalive/myproject/chamado/models.py
> git show --textconv :myproject/chamado/views.py
> git ls-files --stage -- /home/webalive/myproject/chamado/views.py
> git show --textconv :myproject/auth/views.py
> git ls-files --stage -- /home/webalive/myproject/auth/views.py
> git cat-file -s 0c711af5a405de720e01de896940db80797db32b
> git show --textconv :myproject/chamado/views.py
> git ls-files --stage -- /home/webalive/myproject/chamado/views.py
> git show --textconv :myproject/chamado/forms.py
> git ls-files --stage -- /home/webalive/myproject/chamado/forms.py
> git show --textconv :myproject/chamado/models.py
> git ls-files --stage -- /home/webalive/myproject/chamado/models.py
> git show --textconv :myproject/template/equipe.html
> git ls-files --stage -- /home/webalive/myproject/template/equipe.html
> git show --textconv :myproject/chamado/urls.py
> git ls-files --stage -- /home/webalive/myproject/chamado/urls.py
> git show --textconv :myproject/chamado/views.py
> git ls-files --stage -- /home/webalive/myproject/chamado/views.py
> git show --textconv :myproject/auth/views.py
> git ls-files --stage -- /home/webalive/myproject/auth/views.py
> git cat-file -s 0c711af5a405de720e01de896940db80797db32b
> git show --textconv :myproject/chamado/urls.py
> git ls-files --stage -- /home/webalive/myproject/chamado/urls.py
> git show --textconv :myproject/chamado/models.py
> git ls-files --stage -- /home/webalive/myproject/chamado/models.py
> git show --textconv :myproject/chamado/forms.py
> git ls-files --stage -- /home/webalive/myproject/chamado/forms.py
> git show --textconv :myproject/template/equipe.html
> git ls-files --stage -- /home/webalive/myproject/template/equipe.html
> git show --textconv :myproject/chamado/urls.py
> git ls-files --stage -- /home/webalive/myproject/chamado/urls.py
> git show --textconv :myproject/template/equipe.html
> git ls-files --stage -- /home/webalive/myproject/template/equipe.html
> git show --textconv :myproject/chamado/views.py
> git ls-files --stage -- /home/webalive/myproject/chamado/views.py
> git show --textconv :myproject/chamado/forms.py
> git ls-files --stage -- /home/webalive/myproject/chamado/forms.py
> git show --textconv :myproject/chamado/models.py
> git ls-files --stage -- /home/webalive/myproject/chamado/models.py
> git show --textconv :myproject/chamado/views.py
> git ls-files --stage -- /home/webalive/myproject/chamado/views.py
> git show --textconv :myproject/template/equipe.html
> git ls-files --stage -- /home/webalive/myproject/template/equipe.html
> git show --textconv :myproject/chamado/models.py
> git ls-files --stage -- /home/webalive/myproject/chamado/models.py
> git show --textconv :myproject/template/equipe.html
> git ls-files --stage -- /home/webalive/myproject/template/equipe.html
> git show --textconv :myproject/auth/views.py
> git ls-files --stage -- /home/webalive/myproject/auth/views.py
> git cat-file -s 0c711af5a405de720e01de896940db80797db32b
> git show --textconv :myproject/chamado/views.py
> git ls-files --stage -- /home/webalive/myproject/chamado/views.py
