Validating found git in: git
Using git 2.25.1 from git
> git rev-parse --git-dir
Open repository: /home/webalive
> git status -z -u
> git symbolic-ref --short HEAD
> git for-each-ref --format=%(refname)%00%(upstream:short)%00%(objectname)%00%(upstream:track) refs/heads/main refs/remotes/main
> git for-each-ref --sort -committerdate --format %(refname) %(objectname) %(*objectname)
> git remote --verbose
> git config --get commit.template
> git check-ignore -v -z --stdin
> git show --textconv :myproject/checkin/views.py
> git ls-files --stage -- /home/webalive/myproject/checkin/views.py
> git cat-file -s 5bbc61efc0c25696b7c5cec223d48601793b4488
> git status -z -u
> git symbolic-ref --short HEAD
> git for-each-ref --format=%(refname)%00%(upstream:short)%00%(objectname)%00%(upstream:track) refs/heads/main refs/remotes/main
> git for-each-ref --sort -committerdate --format %(refname) %(objectname) %(*objectname)
> git remote --verbose
> git config --get commit.template
> git check-ignore -v -z --stdin
> git check-ignore -v -z --stdin
> git show --textconv :myproject/myproject/settings.py
> git ls-files --stage -- /home/webalive/myproject/myproject/settings.py
> git cat-file -s c4aa7605d0b92626e192fbe82a221d8e0d6cd91d
> git show --textconv :myproject/myproject/urls.py
> git ls-files --stage -- /home/webalive/myproject/myproject/urls.py
> git cat-file -s 31966038742f99ccb9ea6cf8aca6516ab808296b
> git show --textconv :myproject/checkin/views.py
> git ls-files --stage -- /home/webalive/myproject/checkin/views.py
> git cat-file -s 5bbc61efc0c25696b7c5cec223d48601793b4488
> git check-ignore -v -z --stdin
> git show --textconv :myproject/auth/views.py
> git ls-files --stage -- /home/webalive/myproject/auth/views.py
> git cat-file -s 0c711af5a405de720e01de896940db80797db32b
> git show --textconv :myproject/checkin/views.py
> git ls-files --stage -- /home/webalive/myproject/checkin/views.py
> git cat-file -s 5bbc61efc0c25696b7c5cec223d48601793b4488
> git show --textconv :myproject/checkin/urls.py
> git ls-files --stage -- /home/webalive/myproject/checkin/urls.py
> git cat-file -s c1c96f76593efaab59acc1def4787f3ad71b3df3
> git show --textconv :myproject/myproject/urls.py
> git ls-files --stage -- /home/webalive/myproject/myproject/urls.py
> git cat-file -s 31966038742f99ccb9ea6cf8aca6516ab808296b
> git show --textconv :myproject/auth/urls.py
> git ls-files --stage -- /home/webalive/myproject/auth/urls.py
> git cat-file -s cc4ce8d884b44bb16ced5d7c2d907e81b838a08d
> git show --textconv :myproject/auth/views.py
> git ls-files --stage -- /home/webalive/myproject/auth/views.py
> git cat-file -s 0c711af5a405de720e01de896940db80797db32b
> git show --textconv :myproject/checkin/views.py
> git ls-files --stage -- /home/webalive/myproject/checkin/views.py
> git cat-file -s 5bbc61efc0c25696b7c5cec223d48601793b4488
> git show --textconv :myproject/auth/views.py
> git ls-files --stage -- /home/webalive/myproject/auth/views.py
> git cat-file -s 0c711af5a405de720e01de896940db80797db32b
> git check-ignore -v -z --stdin
> git show --textconv :myproject/perfil/views.py
> git ls-files --stage -- /home/webalive/myproject/perfil/views.py
> git cat-file -s 91ea44a218fbd2f408430959283f0419c921093e
> git show --textconv :myproject/perfil/models.py
> git ls-files --stage -- /home/webalive/myproject/perfil/models.py
> git cat-file -s 55947df8012b2e5d12c805cf5ce469bd3d4d9d61
> git show --textconv :myproject/myproject/urls.py
> git ls-files --stage -- /home/webalive/myproject/myproject/urls.py
> git cat-file -s 31966038742f99ccb9ea6cf8aca6516ab808296b
> git show --textconv :myproject/auth/urls.py
> git ls-files --stage -- /home/webalive/myproject/auth/urls.py
> git cat-file -s cc4ce8d884b44bb16ced5d7c2d907e81b838a08d
> git show --textconv :myproject/auth/views.py
> git ls-files --stage -- /home/webalive/myproject/auth/views.py
> git cat-file -s 0c711af5a405de720e01de896940db80797db32b
> git show --textconv :myproject/checkin/views.py
> git ls-files --stage -- /home/webalive/myproject/checkin/views.py
> git cat-file -s 5bbc61efc0c25696b7c5cec223d48601793b4488
> git show --textconv :myproject/myproject/settings.py
> git ls-files --stage -- /home/webalive/myproject/myproject/settings.py
> git cat-file -s c4aa7605d0b92626e192fbe82a221d8e0d6cd91d
> git show --textconv :myproject/checkin/views.py
> git ls-files --stage -- /home/webalive/myproject/checkin/views.py
> git cat-file -s 5bbc61efc0c25696b7c5cec223d48601793b4488
> git show --textconv :myproject/camera.py
> git ls-files --stage -- /home/webalive/myproject/camera.py
> git cat-file -s 47a974ec494d1cccf1375e552a8fd512a954e2a6
> git show --textconv :myproject/checkin/views.py
> git ls-files --stage -- /home/webalive/myproject/checkin/views.py
> git cat-file -s 5bbc61efc0c25696b7c5cec223d48601793b4488
> git show --textconv :myproject/auth/urls.py
> git ls-files --stage -- /home/webalive/myproject/auth/urls.py
> git cat-file -s cc4ce8d884b44bb16ced5d7c2d907e81b838a08d
> git show --textconv :myproject/checkin/views.py
> git ls-files --stage -- /home/webalive/myproject/checkin/views.py
> git cat-file -s 5bbc61efc0c25696b7c5cec223d48601793b4488
> git show --textconv :myproject/myproject/urls.py
> git ls-files --stage -- /home/webalive/myproject/myproject/urls.py
> git cat-file -s 31966038742f99ccb9ea6cf8aca6516ab808296b
> git show --textconv :myproject/checkin/views.py
> git ls-files --stage -- /home/webalive/myproject/checkin/views.py
> git cat-file -s 5bbc61efc0c25696b7c5cec223d48601793b4488
> git show --textconv :myproject/auth/views.py
> git ls-files --stage -- /home/webalive/myproject/auth/views.py
> git cat-file -s 0c711af5a405de720e01de896940db80797db32b
> git show --textconv :myproject/checkin/views.py
> git ls-files --stage -- /home/webalive/myproject/checkin/views.py
> git cat-file -s 5bbc61efc0c25696b7c5cec223d48601793b4488
> git show --textconv :myproject/perfil/models.py
> git ls-files --stage -- /home/webalive/myproject/perfil/models.py
> git cat-file -s 55947df8012b2e5d12c805cf5ce469bd3d4d9d61
> git show --textconv :myproject/checkin/views.py
> git ls-files --stage -- /home/webalive/myproject/checkin/views.py
> git cat-file -s 5bbc61efc0c25696b7c5cec223d48601793b4488
> git show --textconv :myproject/auth/forms.py
> git ls-files --stage -- /home/webalive/myproject/auth/forms.py
> git cat-file -s bdc1417b8ff937d1f30d30be5ef17d80c24dfe5e
> git show --textconv :myproject/checkin/forms.py
> git ls-files --stage -- /home/webalive/myproject/checkin/forms.py
> git cat-file -s e69de29bb2d1d6434b8b29ae775ad8c2e48c5391
> git show --textconv :myproject/checkin/views.py
> git ls-files --stage -- /home/webalive/myproject/checkin/views.py
> git cat-file -s 5bbc61efc0c25696b7c5cec223d48601793b4488
> git show --textconv :myproject/checkin/models.py
> git ls-files --stage -- /home/webalive/myproject/checkin/models.py
> git cat-file -s 9bdf5923b37f17f76a3e1b3a35c67655be9b5738
> git show --textconv :myproject/checkin/views.py
> git ls-files --stage -- /home/webalive/myproject/checkin/views.py
> git cat-file -s 5bbc61efc0c25696b7c5cec223d48601793b4488
> git show --textconv :myproject/auth/forms.py
> git ls-files --stage -- /home/webalive/myproject/auth/forms.py
> git cat-file -s bdc1417b8ff937d1f30d30be5ef17d80c24dfe5e
> git show --textconv :myproject/checkin/forms.py
> git ls-files --stage -- /home/webalive/myproject/checkin/forms.py
> git cat-file -s e69de29bb2d1d6434b8b29ae775ad8c2e48c5391
> git show --textconv :myproject/checkin/views.py
> git ls-files --stage -- /home/webalive/myproject/checkin/views.py
> git cat-file -s 5bbc61efc0c25696b7c5cec223d48601793b4488
> git show --textconv :myproject/auth/views.py
> git ls-files --stage -- /home/webalive/myproject/auth/views.py
> git cat-file -s 0c711af5a405de720e01de896940db80797db32b
> git show --textconv :myproject/checkin/views.py
> git ls-files --stage -- /home/webalive/myproject/checkin/views.py
> git cat-file -s 5bbc61efc0c25696b7c5cec223d48601793b4488
> git check-ignore -v -z --stdin
> git show --textconv :myproject/template/visitante.html
> git ls-files --stage -- /home/webalive/myproject/template/visitante.html
> git cat-file -s 2d270b9715be0997ff151e2b1361e7cd7861884d
> git show --textconv :myproject/template/cadastro_visitante.html
> git ls-files --stage -- /home/webalive/myproject/template/cadastro_visitante.html
> git cat-file -s 7eaecc8315c465531554482473d68fab9be29af6
> git show --textconv :myproject/checkin/views.py
> git ls-files --stage -- /home/webalive/myproject/checkin/views.py
> git cat-file -s 5bbc61efc0c25696b7c5cec223d48601793b4488
> git show --textconv :myproject/checkin/models.py
> git ls-files --stage -- /home/webalive/myproject/checkin/models.py
> git cat-file -s 9bdf5923b37f17f76a3e1b3a35c67655be9b5738
> git show --textconv :myproject/checkin/views.py
> git ls-files --stage -- /home/webalive/myproject/checkin/views.py
> git cat-file -s 5bbc61efc0c25696b7c5cec223d48601793b4488
> git show --textconv :myproject/checkin/models.py
> git ls-files --stage -- /home/webalive/myproject/checkin/models.py
> git cat-file -s 9bdf5923b37f17f76a3e1b3a35c67655be9b5738
> git show --textconv :myproject/checkin/views.py
> git ls-files --stage -- /home/webalive/myproject/checkin/views.py
> git cat-file -s 5bbc61efc0c25696b7c5cec223d48601793b4488
> git show --textconv :myproject/auth/views.py
> git ls-files --stage -- /home/webalive/myproject/auth/views.py
> git cat-file -s 0c711af5a405de720e01de896940db80797db32b
> git show --textconv :myproject/checkin/views.py
> git ls-files --stage -- /home/webalive/myproject/checkin/views.py
> git cat-file -s 5bbc61efc0c25696b7c5cec223d48601793b4488
> git show --textconv :myproject/auth/views.py
> git ls-files --stage -- /home/webalive/myproject/auth/views.py
> git cat-file -s 0c711af5a405de720e01de896940db80797db32b
> git show --textconv :myproject/checkin/views.py
> git ls-files --stage -- /home/webalive/myproject/checkin/views.py
> git cat-file -s 5bbc61efc0c25696b7c5cec223d48601793b4488
> git show --textconv :myproject/checkin/models.py
> git ls-files --stage -- /home/webalive/myproject/checkin/models.py
> git cat-file -s 9bdf5923b37f17f76a3e1b3a35c67655be9b5738
> git show --textconv :myproject/template/visitante.html
> git ls-files --stage -- /home/webalive/myproject/template/visitante.html
> git cat-file -s 2d270b9715be0997ff151e2b1361e7cd7861884d
> git show --textconv :myproject/checkin/views.py
> git ls-files --stage -- /home/webalive/myproject/checkin/views.py
> git cat-file -s 5bbc61efc0c25696b7c5cec223d48601793b4488
> git show --textconv :myproject/checkin/models.py
> git ls-files --stage -- /home/webalive/myproject/checkin/models.py
> git cat-file -s 9bdf5923b37f17f76a3e1b3a35c67655be9b5738
> git show --textconv :myproject/auth/views.py
> git ls-files --stage -- /home/webalive/myproject/auth/views.py
> git cat-file -s 0c711af5a405de720e01de896940db80797db32b
> git show --textconv :myproject/auth/models.py
> git ls-files --stage -- /home/webalive/myproject/auth/models.py
> git cat-file -s e69de29bb2d1d6434b8b29ae775ad8c2e48c5391
> git show --textconv :myproject/perfil/views.py
> git ls-files --stage -- /home/webalive/myproject/perfil/views.py
> git cat-file -s 91ea44a218fbd2f408430959283f0419c921093e
> git show --textconv :myproject/perfil/models.py
> git ls-files --stage -- /home/webalive/myproject/perfil/models.py
> git cat-file -s 55947df8012b2e5d12c805cf5ce469bd3d4d9d61
> git show --textconv :myproject/template/base.html
> git ls-files --stage -- /home/webalive/myproject/template/base.html
> git cat-file -s db83f293df3ebc2047b9b2b38597ae232f222f15
> git show --textconv :myproject/checkin/views.py
> git ls-files --stage -- /home/webalive/myproject/checkin/views.py
> git cat-file -s 5bbc61efc0c25696b7c5cec223d48601793b4488
> git show --textconv :myproject/perfil/views.py
> git ls-files --stage -- /home/webalive/myproject/perfil/views.py
> git cat-file -s 91ea44a218fbd2f408430959283f0419c921093e
> git show --textconv :myproject/perfil/models.py
> git ls-files --stage -- /home/webalive/myproject/perfil/models.py
> git cat-file -s 55947df8012b2e5d12c805cf5ce469bd3d4d9d61
> git show --textconv :myproject/perfil/views.py
> git ls-files --stage -- /home/webalive/myproject/perfil/views.py
> git cat-file -s 91ea44a218fbd2f408430959283f0419c921093e
> git show --textconv :myproject/checkin/views.py
> git ls-files --stage -- /home/webalive/myproject/checkin/views.py
> git cat-file -s 5bbc61efc0c25696b7c5cec223d48601793b4488
> git show --textconv :myproject/checkin/models.py
> git ls-files --stage -- /home/webalive/myproject/checkin/models.py
> git cat-file -s 9bdf5923b37f17f76a3e1b3a35c67655be9b5738
> git show --textconv :myproject/checkin/views.py
> git ls-files --stage -- /home/webalive/myproject/checkin/views.py
> git cat-file -s 5bbc61efc0c25696b7c5cec223d48601793b4488
> git show --textconv :myproject/auth/forms.py
> git ls-files --stage -- /home/webalive/myproject/auth/forms.py
> git cat-file -s bdc1417b8ff937d1f30d30be5ef17d80c24dfe5e
> git show --textconv :myproject/checkin/views.py
> git ls-files --stage -- /home/webalive/myproject/checkin/views.py
> git cat-file -s 5bbc61efc0c25696b7c5cec223d48601793b4488
> git show --textconv :myproject/auth/views.py
> git ls-files --stage -- /home/webalive/myproject/auth/views.py
> git cat-file -s 0c711af5a405de720e01de896940db80797db32b
> git show --textconv :myproject/template/visitante.html
> git ls-files --stage -- /home/webalive/myproject/template/visitante.html
> git cat-file -s 2d270b9715be0997ff151e2b1361e7cd7861884d
> git show --textconv :myproject/checkin/views.py
> git ls-files --stage -- /home/webalive/myproject/checkin/views.py
> git cat-file -s 5bbc61efc0c25696b7c5cec223d48601793b4488
