Validating found git in: git
Using git 2.25.1 from git
> git rev-parse --git-dir
Open repository: /home/webalive
> git status -z -u
> git check-ignore -v -z --stdin
> git check-ignore -v -z --stdin
> git symbolic-ref --short HEAD
> git for-each-ref --format=%(refname)%00%(upstream:short)%00%(objectname)%00%(upstream:track) refs/heads/main refs/remotes/main
> git for-each-ref --sort -committerdate --format %(refname) %(objectname) %(*objectname)
> git remote --verbose
> git config --get commit.template
> git show --textconv :myproject/checkin/views.py
> git ls-files --stage -- /home/webalive/myproject/checkin/views.py
> git cat-file -s 5bbc61efc0c25696b7c5cec223d48601793b4488
> git show --textconv :myproject/auth/urls.py
> git ls-files --stage -- /home/webalive/myproject/auth/urls.py
> git cat-file -s cc4ce8d884b44bb16ced5d7c2d907e81b838a08d
> git show --textconv :myproject/auth/views.py
> git ls-files --stage -- /home/webalive/myproject/auth/views.py
> git cat-file -s 0c711af5a405de720e01de896940db80797db32b
> git show --textconv :myproject/auth/urls.py
> git ls-files --stage -- /home/webalive/myproject/auth/urls.py
> git cat-file -s cc4ce8d884b44bb16ced5d7c2d907e81b838a08d
> git show --textconv :myproject/checkin/views.py
> git ls-files --stage -- /home/webalive/myproject/checkin/views.py
> git cat-file -s 5bbc61efc0c25696b7c5cec223d48601793b4488
> git check-ignore -v -z --stdin
> git check-ignore -v -z --stdin
> git show --textconv :myproject/template/base.html
> git ls-files --stage -- /home/webalive/myproject/template/base.html
> git cat-file -s db83f293df3ebc2047b9b2b38597ae232f222f15
