Validating found git in: git
Using git 2.25.1 from git
> git rev-parse --git-dir
Open repository: /home/webalive
> git status -z -u
> git symbolic-ref --short HEAD
> git for-each-ref --format=%(refname)%00%(upstream:short)%00%(objectname)%00%(upstream:track) refs/heads/main refs/remotes/main
> git for-each-ref --sort -committerdate --format %(refname) %(objectname) %(*objectname)
> git remote --verbose
> git config --get commit.template
> git check-ignore -v -z --stdin
> git show --textconv :myproject/template/base.html
> git ls-files --stage -- /home/webalive/myproject/template/base.html
> git cat-file -s db83f293df3ebc2047b9b2b38597ae232f222f15
> git check-ignore -v -z --stdin
> git check-ignore -v -z --stdin
> git check-ignore -v -z --stdin
> git check-ignore -v -z --stdin
> git check-ignore -v -z --stdin
> git check-ignore -v -z --stdin
> git check-ignore -v -z --stdin
> git check-ignore -v -z --stdin
> git show --textconv :myproject/static/workhome/css/vertical-layout-light/style.css
> git ls-files --stage -- /home/webalive/myproject/static/workhome/css/vertical-layout-light/style.css
> git cat-file -s 8e4e6198c333bbabcc548aeaa7ce0f8f76f72767
> git show --textconv :myproject/template/base.html
> git ls-files --stage -- /home/webalive/myproject/template/base.html
> git cat-file -s db83f293df3ebc2047b9b2b38597ae232f222f15
> git show --textconv :myproject/static/workhome/css/vertical-layout-light/style.css
> git ls-files --stage -- /home/webalive/myproject/static/workhome/css/vertical-layout-light/style.css
> git cat-file -s 8e4e6198c333bbabcc548aeaa7ce0f8f76f72767
> git show --textconv :myproject/template/base.html
> git ls-files --stage -- /home/webalive/myproject/template/base.html
> git cat-file -s db83f293df3ebc2047b9b2b38597ae232f222f15
> git show --textconv :myproject/static/workhome/css/vertical-layout-light/style.css
> git ls-files --stage -- /home/webalive/myproject/static/workhome/css/vertical-layout-light/style.css
> git cat-file -s 8e4e6198c333bbabcc548aeaa7ce0f8f76f72767
> git show --textconv :myproject/template/base.html
> git ls-files --stage -- /home/webalive/myproject/template/base.html
> git cat-file -s db83f293df3ebc2047b9b2b38597ae232f222f15
