Validating found git in: git
Using git 2.25.1 from git
> git rev-parse --git-dir
Open repository: /home/webalive
> git status -z -u
> git symbolic-ref --short HEAD
> git for-each-ref --format=%(refname)%00%(upstream:short)%00%(objectname)%00%(upstream:track) refs/heads/main refs/remotes/main
> git for-each-ref --sort -committerdate --format %(refname) %(objectname) %(*objectname)
> git remote --verbose
> git config --get commit.template
> git check-ignore -v -z --stdin
> git status -z -u
> git symbolic-ref --short HEAD
> git for-each-ref --format=%(refname)%00%(upstream:short)%00%(objectname)%00%(upstream:track) refs/heads/main refs/remotes/main
> git for-each-ref --sort -committerdate --format %(refname) %(objectname) %(*objectname)
> git remote --verbose
> git config --get commit.template
> git show --textconv :myproject/template/newUser.html
> git ls-files --stage -- /home/webalive/myproject/template/newUser.html
> git status -z -u
> git symbolic-ref --short HEAD
> git for-each-ref --format=%(refname)%00%(upstream:short)%00%(objectname)%00%(upstream:track) refs/heads/main refs/remotes/main
> git for-each-ref --sort -committerdate --format %(refname) %(objectname) %(*objectname)
> git remote --verbose
> git config --get commit.template
> git status -z -u
> git symbolic-ref --short HEAD
> git for-each-ref --format=%(refname)%00%(upstream:short)%00%(objectname)%00%(upstream:track) refs/heads/main refs/remotes/main
> git for-each-ref --sort -committerdate --format %(refname) %(objectname) %(*objectname)
> git remote --verbose
> git config --get commit.template
> git check-ignore -v -z --stdin
> git show --textconv :myproject/perfil/models.py
> git ls-files --stage -- /home/webalive/myproject/perfil/models.py
> git show --textconv :myproject/template/newUser.html
> git ls-files --stage -- /home/webalive/myproject/template/newUser.html
> git show --textconv :myproject/template/base.html
> git ls-files --stage -- /home/webalive/myproject/template/base.html
> git show --textconv :myproject/perfil/models.py
> git ls-files --stage -- /home/webalive/myproject/perfil/models.py
> git show --textconv :myproject/template/newUser.html
> git ls-files --stage -- /home/webalive/myproject/template/newUser.html
> git show --textconv :myproject/template/newUser.html
> git ls-files --stage -- /home/webalive/myproject/template/newUser.html
> git show --textconv :myproject/template/newUser.html
> git ls-files --stage -- /home/webalive/myproject/template/newUser.html
> git show --textconv :myproject/template/newUser.html
> git ls-files --stage -- /home/webalive/myproject/template/newUser.html
> git show --textconv :myproject/auth/views.py
> git ls-files --stage -- /home/webalive/myproject/auth/views.py
> git cat-file -s 7b3180903fbaa1861cfb4a152a5f10cd63b888cc
> git check-ignore -v -z --stdin
