[2021-10-05 13:31:26.869] [exthost] [info] extension host started
[2021-10-05 13:31:26.883] [exthost] [info] Lock '/home/webalive/.vscode-server/data/User/workspaceStorage/1d856348e00d38a34833224a2a3c7091/vscode.lock': Lock acquired.
[2021-10-05 13:31:26.979] [exthost] [info] ExtensionService#_doActivateExtension vscode.debug-auto-launch {"startup":true,"extensionId":{"value":"vscode.debug-auto-launch","_lower":"vscode.debug-auto-launch"},"activationEvent":"*"}
[2021-10-05 13:31:26.980] [exthost] [info] ExtensionService#loadCommonJSModule file:///home/webalive/.vscode-server/bin/7f6ab5485bbc008386c4386d08766667e155244e/extensions/debug-auto-launch/dist/extension
[2021-10-05 13:31:26.988] [exthost] [info] ExtensionService#_doActivateExtension vscode.git {"startup":true,"extensionId":{"value":"vscode.github","_lower":"vscode.github"},"activationEvent":"*"}
[2021-10-05 13:31:26.988] [exthost] [info] ExtensionService#loadCommonJSModule file:///home/webalive/.vscode-server/bin/7f6ab5485bbc008386c4386d08766667e155244e/extensions/git/dist/main
[2021-10-05 13:31:27.310] [exthost] [info] ExtensionService#_doActivateExtension vscode.github {"startup":true,"extensionId":{"value":"vscode.github","_lower":"vscode.github"},"activationEvent":"*"}
[2021-10-05 13:31:27.310] [exthost] [info] ExtensionService#loadCommonJSModule file:///home/webalive/.vscode-server/bin/7f6ab5485bbc008386c4386d08766667e155244e/extensions/github/dist/extension.js
[2021-10-05 13:31:27.386] [exthost] [info] ExtensionService#_doActivateExtension vscode.emmet {"startup":false,"extensionId":{"value":"vscode.emmet","_lower":"vscode.emmet"},"activationEvent":"onStartupFinished"}
[2021-10-05 13:31:27.386] [exthost] [info] ExtensionService#loadCommonJSModule file:///home/webalive/.vscode-server/bin/7f6ab5485bbc008386c4386d08766667e155244e/extensions/emmet/dist/node/emmetNodeMain
[2021-10-05 13:31:27.419] [exthost] [info] ExtensionService#_doActivateExtension vscode.merge-conflict {"startup":false,"extensionId":{"value":"vscode.merge-conflict","_lower":"vscode.merge-conflict"},"activationEvent":"onStartupFinished"}
[2021-10-05 13:31:27.419] [exthost] [info] ExtensionService#loadCommonJSModule file:///home/webalive/.vscode-server/bin/7f6ab5485bbc008386c4386d08766667e155244e/extensions/merge-conflict/dist/mergeConflictMain
[2021-10-05 13:31:27.426] [exthost] [info] eager extensions activated
[2021-10-05 13:31:27.464] [exthost] [info] ExtensionService#_doActivateExtension ms-vscode.js-debug {"startup":false,"extensionId":{"value":"ms-vscode.js-debug","_lower":"ms-vscode.js-debug"},"activationEvent":"onCommand:extension.js-debug.clearAutoAttachVariables"}
[2021-10-05 13:31:27.465] [exthost] [info] ExtensionService#loadCommonJSModule file:///home/webalive/.vscode-server/bin/7f6ab5485bbc008386c4386d08766667e155244e/extensions/ms-vscode.js-debug/src/extension.js
[2021-10-05 14:40:19.901] [exthost] [info] ExtensionService#_doActivateExtension vscode.html-language-features {"startup":false,"extensionId":{"value":"vscode.html-language-features","_lower":"vscode.html-language-features"},"activationEvent":"onLanguage:html"}
[2021-10-05 14:40:19.901] [exthost] [info] ExtensionService#loadCommonJSModule file:///home/webalive/.vscode-server/bin/7f6ab5485bbc008386c4386d08766667e155244e/extensions/html-language-features/client/dist/node/htmlClientMain
[2021-10-06 14:02:05.403] [exthost] [info] extension host terminating: renderer disconnected for too long (2)
[2021-10-06 14:02:05.404] [exthost] [info] Lock '/home/webalive/.vscode-server/data/User/workspaceStorage/1d856348e00d38a34833224a2a3c7091/vscode.lock': Marking the lockfile as scheduled to be released in 6000 ms.
[2021-10-06 14:02:06.426] [exthost] [info] exiting with code 0
