[2021-09-30 20:29:14.573] [exthost] [info] extension host started
[2021-09-30 20:29:14.603] [exthost] [info] Lock '/home/webalive/.vscode-server/data/User/workspaceStorage/665c1a26ae1857a3f9edab11f0c451ee/vscode.lock': Lock acquired.
[2021-09-30 20:29:14.728] [exthost] [info] ExtensionService#_doActivateExtension vscode.emmet {"startup":false,"extensionId":{"value":"vscode.emmet","_lower":"vscode.emmet"},"activationEvent":"onLanguage:html"}
[2021-09-30 20:29:14.729] [exthost] [info] ExtensionService#loadCommonJSModule file:///home/webalive/.vscode-server/bin/7f6ab5485bbc008386c4386d08766667e155244e/extensions/emmet/dist/node/emmetNodeMain
[2021-09-30 20:29:14.759] [exthost] [info] ExtensionService#_doActivateExtension vscode.html-language-features {"startup":false,"extensionId":{"value":"vscode.html-language-features","_lower":"vscode.html-language-features"},"activationEvent":"onLanguage:html"}
[2021-09-30 20:29:14.759] [exthost] [info] ExtensionService#loadCommonJSModule file:///home/webalive/.vscode-server/bin/7f6ab5485bbc008386c4386d08766667e155244e/extensions/html-language-features/client/dist/node/htmlClientMain
[2021-09-30 20:29:14.883] [exthost] [info] ExtensionService#_doActivateExtension vscode.debug-auto-launch {"startup":true,"extensionId":{"value":"vscode.debug-auto-launch","_lower":"vscode.debug-auto-launch"},"activationEvent":"*"}
[2021-09-30 20:29:14.883] [exthost] [info] ExtensionService#loadCommonJSModule file:///home/webalive/.vscode-server/bin/7f6ab5485bbc008386c4386d08766667e155244e/extensions/debug-auto-launch/dist/extension
[2021-09-30 20:29:14.889] [exthost] [info] ExtensionService#_doActivateExtension vscode.git {"startup":true,"extensionId":{"value":"vscode.github","_lower":"vscode.github"},"activationEvent":"*"}
[2021-09-30 20:29:14.889] [exthost] [info] ExtensionService#loadCommonJSModule file:///home/webalive/.vscode-server/bin/7f6ab5485bbc008386c4386d08766667e155244e/extensions/git/dist/main
[2021-09-30 20:29:15.467] [exthost] [info] ExtensionService#_doActivateExtension vscode.github {"startup":true,"extensionId":{"value":"vscode.github","_lower":"vscode.github"},"activationEvent":"*"}
[2021-09-30 20:29:15.467] [exthost] [info] ExtensionService#loadCommonJSModule file:///home/webalive/.vscode-server/bin/7f6ab5485bbc008386c4386d08766667e155244e/extensions/github/dist/extension.js
[2021-09-30 20:29:15.877] [exthost] [warning] [Decorations] CAPPING events from decorations provider vscode.git 3846
[2021-09-30 20:29:18.410] [exthost] [info] ExtensionService#_doActivateExtension vscode.merge-conflict {"startup":false,"extensionId":{"value":"vscode.merge-conflict","_lower":"vscode.merge-conflict"},"activationEvent":"onStartupFinished"}
[2021-09-30 20:29:18.410] [exthost] [info] ExtensionService#loadCommonJSModule file:///home/webalive/.vscode-server/bin/7f6ab5485bbc008386c4386d08766667e155244e/extensions/merge-conflict/dist/mergeConflictMain
[2021-09-30 20:29:18.417] [exthost] [info] eager extensions activated
[2021-09-30 20:29:18.545] [exthost] [info] ExtensionService#_doActivateExtension ms-vscode.js-debug {"startup":false,"extensionId":{"value":"ms-vscode.js-debug","_lower":"ms-vscode.js-debug"},"activationEvent":"onCommand:extension.js-debug.clearAutoAttachVariables"}
[2021-09-30 20:29:18.545] [exthost] [info] ExtensionService#loadCommonJSModule file:///home/webalive/.vscode-server/bin/7f6ab5485bbc008386c4386d08766667e155244e/extensions/ms-vscode.js-debug/src/extension.js
[2021-09-30 20:29:19.588] [exthost] [warning] [Decorations] CAPPING events from decorations provider vscode.git 3846
[2021-09-30 20:33:35.827] [exthost] [warning] [Decorations] CAPPING events from decorations provider vscode.git 3853
[2021-09-30 20:33:45.890] [exthost] [warning] [Decorations] CAPPING events from decorations provider vscode.git 3853
[2021-09-30 20:33:59.816] [exthost] [warning] [Decorations] CAPPING events from decorations provider vscode.git 3853
[2021-09-30 20:36:57.769] [exthost] [warning] [Decorations] CAPPING events from decorations provider vscode.git 3854
[2021-09-30 20:37:00.416] [exthost] [warning] [Decorations] CAPPING events from decorations provider vscode.git 1773
[2021-09-30 20:37:16.094] [exthost] [warning] [Decorations] CAPPING events from decorations provider vscode.git 1773
[2021-09-30 20:37:18.197] [exthost] [warning] [Decorations] CAPPING events from decorations provider vscode.git 1773
[2021-09-30 20:38:04.001] [exthost] [warning] [Decorations] CAPPING events from decorations provider vscode.git 1773
[2021-09-30 20:45:57.317] [exthost] [error] [vscode.html-language-features] provider FAILED
[2021-09-30 20:45:57.317] [exthost] [error] Canceled: Canceled
	at T.makeCancelError (/home/webalive/.vscode-server/bin/7f6ab5485bbc008386c4386d08766667e155244e/extensions/html-language-features/client/dist/node/htmlClientMain.js:1:436860)
	at T.handleFailedRequest (/home/webalive/.vscode-server/bin/7f6ab5485bbc008386c4386d08766667e155244e/extensions/html-language-features/client/dist/node/htmlClientMain.js:1:436711)
	at /home/webalive/.vscode-server/bin/7f6ab5485bbc008386c4386d08766667e155244e/extensions/html-language-features/client/dist/node/htmlClientMain.js:1:396926
	at async g.provideHover (/home/webalive/.vscode-server/bin/7f6ab5485bbc008386c4386d08766667e155244e/out/vs/server/remoteExtensionHostProcess.js:94:166317)
[2021-09-30 23:52:26.633] [exthost] [info] extension host terminating: renderer disconnected for too long (1)
[2021-09-30 23:52:26.634] [exthost] [info] Lock '/home/webalive/.vscode-server/data/User/workspaceStorage/665c1a26ae1857a3f9edab11f0c451ee/vscode.lock': Marking the lockfile as scheduled to be released in 6000 ms.
[2021-09-30 23:52:27.653] [exthost] [info] exiting with code 0
