[2021-10-05 13:30:19.319] [exthost] [info] extension host started
[2021-10-05 13:30:19.361] [exthost] [info] ExtensionService#_doActivateExtension vscode.debug-auto-launch {"startup":true,"extensionId":{"value":"vscode.debug-auto-launch","_lower":"vscode.debug-auto-launch"},"activationEvent":"*"}
[2021-10-05 13:30:19.361] [exthost] [info] ExtensionService#loadCommonJSModule file:///home/webalive/.vscode-server/bin/7f6ab5485bbc008386c4386d08766667e155244e/extensions/debug-auto-launch/dist/extension
[2021-10-05 13:30:19.375] [exthost] [info] ExtensionService#_doActivateExtension vscode.git {"startup":true,"extensionId":{"value":"vscode.github","_lower":"vscode.github"},"activationEvent":"*"}
[2021-10-05 13:30:19.375] [exthost] [info] ExtensionService#loadCommonJSModule file:///home/webalive/.vscode-server/bin/7f6ab5485bbc008386c4386d08766667e155244e/extensions/git/dist/main
[2021-10-05 13:30:19.637] [exthost] [info] ExtensionService#_doActivateExtension ms-vscode.js-debug {"startup":false,"extensionId":{"value":"ms-vscode.js-debug","_lower":"ms-vscode.js-debug"},"activationEvent":"onCommand:extension.js-debug.clearAutoAttachVariables"}
[2021-10-05 13:30:19.637] [exthost] [info] ExtensionService#loadCommonJSModule file:///home/webalive/.vscode-server/bin/7f6ab5485bbc008386c4386d08766667e155244e/extensions/ms-vscode.js-debug/src/extension.js
[2021-10-05 13:30:20.065] [exthost] [info] ExtensionService#_doActivateExtension vscode.github {"startup":true,"extensionId":{"value":"vscode.github","_lower":"vscode.github"},"activationEvent":"*"}
[2021-10-05 13:30:20.065] [exthost] [info] ExtensionService#loadCommonJSModule file:///home/webalive/.vscode-server/bin/7f6ab5485bbc008386c4386d08766667e155244e/extensions/github/dist/extension.js
[2021-10-05 13:30:20.141] [exthost] [info] ExtensionService#_doActivateExtension vscode.emmet {"startup":false,"extensionId":{"value":"vscode.emmet","_lower":"vscode.emmet"},"activationEvent":"onStartupFinished"}
[2021-10-05 13:30:20.141] [exthost] [info] ExtensionService#loadCommonJSModule file:///home/webalive/.vscode-server/bin/7f6ab5485bbc008386c4386d08766667e155244e/extensions/emmet/dist/node/emmetNodeMain
[2021-10-05 13:30:20.179] [exthost] [info] ExtensionService#_doActivateExtension vscode.merge-conflict {"startup":false,"extensionId":{"value":"vscode.merge-conflict","_lower":"vscode.merge-conflict"},"activationEvent":"onStartupFinished"}
[2021-10-05 13:30:20.179] [exthost] [info] ExtensionService#loadCommonJSModule file:///home/webalive/.vscode-server/bin/7f6ab5485bbc008386c4386d08766667e155244e/extensions/merge-conflict/dist/mergeConflictMain
[2021-10-05 13:30:20.190] [exthost] [info] eager extensions activated
[2021-10-05 13:30:21.432] [exthost] [info] ExtensionService#_doActivateExtension vscode.configuration-editing {"startup":false,"extensionId":{"value":"vscode.configuration-editing","_lower":"vscode.configuration-editing"},"activationEvent":"onLanguage:jsonc"}
[2021-10-05 13:30:21.432] [exthost] [info] ExtensionService#loadCommonJSModule file:///home/webalive/.vscode-server/bin/7f6ab5485bbc008386c4386d08766667e155244e/extensions/configuration-editing/dist/configurationEditingMain
[2021-10-05 13:30:21.451] [exthost] [info] ExtensionService#_doActivateExtension vscode.json-language-features {"startup":false,"extensionId":{"value":"vscode.json-language-features","_lower":"vscode.json-language-features"},"activationEvent":"onLanguage:jsonc"}
[2021-10-05 13:30:21.451] [exthost] [info] ExtensionService#loadCommonJSModule file:///home/webalive/.vscode-server/bin/7f6ab5485bbc008386c4386d08766667e155244e/extensions/json-language-features/client/dist/node/jsonClientMain
[2021-10-05 13:30:21.579] [exthost] [info] ExtensionService#_doActivateExtension vscode.typescript-language-features {"startup":false,"extensionId":{"value":"vscode.typescript-language-features","_lower":"vscode.typescript-language-features"},"activationEvent":"onLanguage:jsonc"}
[2021-10-05 13:30:21.580] [exthost] [info] ExtensionService#loadCommonJSModule file:///home/webalive/.vscode-server/bin/7f6ab5485bbc008386c4386d08766667e155244e/extensions/typescript-language-features/dist/extension
[2021-10-05 13:30:53.914] [exthost] [info] extension host terminating: received terminate message from renderer
[2021-10-05 13:30:54.935] [exthost] [info] exiting with code 0
