Validating found git in: git
Using git 2.25.1 from git
> git rev-parse --git-dir
Open repository: /home/webalive
> git status -z -u
> git symbolic-ref --short HEAD
> git for-each-ref --format=%(refname)%00%(upstream:short)%00%(objectname)%00%(upstream:track) refs/heads/main refs/remotes/main
> git for-each-ref --sort -committerdate --format %(refname) %(objectname) %(*objectname)
> git remote --verbose
> git check-ignore -v -z --stdin
> git config --get commit.template
> git status -z -u
> git check-ignore -v -z --stdin
> git symbolic-ref --short HEAD
> git for-each-ref --format=%(refname)%00%(upstream:short)%00%(objectname)%00%(upstream:track) refs/heads/main refs/remotes/main
> git for-each-ref --sort -committerdate --format %(refname) %(objectname) %(*objectname)
> git remote --verbose
> git config --get commit.template
> git check-ignore -v -z --stdin
> git show --textconv :myproject/template/equipe.html
> git ls-files --stage -- /home/webalive/myproject/template/equipe.html
> git show --textconv :myproject/chamado/views.py
> git ls-files --stage -- /home/webalive/myproject/chamado/views.py
> git check-ignore -v -z --stdin
> git check-ignore -v -z --stdin
> git check-ignore -v -z --stdin
> git add -A -- .
> git check-ignore -v -z --stdin
> git -c user.useConfigOnly=true commit --quiet --allow-empty-message --file -
Auto packing the repository in background for optimum performance.
See "git help gc" for manual housekeeping.
> git status -z -u
> git symbolic-ref --short HEAD
> git for-each-ref --format=%(refname)%00%(upstream:short)%00%(objectname)%00%(upstream:track) refs/heads/main refs/remotes/main
> git for-each-ref --sort -committerdate --format %(refname) %(objectname) %(*objectname)
> git remote --verbose
Warning: Failed to watch ref '/home/webalive/.git/refs/remotes/origin/main', is most likely packed.
> git config --get commit.template
> git config --get commit.template
> git check-ignore -v -z --stdin
> git ls-files --stage -- /home/webalive/myproject/chamado/views.py
> git cat-file -s 720c058d20331550febfd19603b6853a1a463c5b
> git show --textconv :myproject/chamado/views.py
> git status -z -u
> git symbolic-ref --short HEAD
> git for-each-ref --format=%(refname)%00%(upstream:short)%00%(objectname)%00%(upstream:track) refs/heads/main refs/remotes/main
> git for-each-ref --sort -committerdate --format %(refname) %(objectname) %(*objectname)
> git remote --verbose
Warning: Failed to watch ref '/home/webalive/.git/refs/remotes/origin/main', is most likely packed.
> git config --get commit.template
> git check-ignore -v -z --stdin
> git add -A -- .
